<?xml version="1.0" encoding="UTF-8"?>
<!-- Generated by org.testng.reporters.JUnitXMLReporter -->
<testsuite ignored="0" hostname="DESKTOP-U0ESANG" failures="0" tests="4" name="Default test" time="20.415" errors="0" timestamp="2024-03-04T14:03:13 MYT">
  <testcase classname="com.saucedemo.Test.SortingTest" name="sortProductNameAscending" time="2.318"/>
  <testcase classname="com.saucedemo.Test.SortingTest" name="sortProductNameDescending" time="1.433"/>
  <testcase classname="com.saucedemo.Test.SortingTest" name="sortProductPriceAscending" time="1.415"/>
  <testcase classname="com.saucedemo.Test.SortingTest" name="sortProductPriceDescending" time="1.417"/>
</testsuite> <!-- Default test -->
