<?xml version="1.0" encoding="UTF-8"?>
<!-- Generated by org.testng.reporters.JUnitXMLReporter -->
<testsuite ignored="0" hostname="DESKTOP-U0ESANG" failures="2" tests="2" name="Login" time="0.096" errors="0" timestamp="2024-02-21T09:22:05 MYT">
  <testcase classname="com.nurfatinportfolio.Test.Login" name="testLoginWithValidCredential" time="0.01">
    <failure type="java.lang.NullPointerException" message="Cannot invoke &amp;quot;com.nurfatinportfolio.PageObjects.LoginPage.userLogin(String, String)&amp;quot; because &amp;quot;this.loginPage&amp;quot; is null">
      <![CDATA[java.lang.NullPointerException: Cannot invoke "com.nurfatinportfolio.PageObjects.LoginPage.userLogin(String, String)" because "this.loginPage" is null
at com.nurfatinportfolio.Test.Login.testLoginWithValidCredential(Login.java:17)
at java.base/java.util.ArrayList.forEach(ArrayList.java:1511)
... Removed 27 stack frames]]>
    </failure>
  </testcase> <!-- testLoginWithValidCredential -->
  <testcase classname="com.nurfatinportfolio.Test.Login" name="testLoginWithValidCredential" time="0.003">
    <failure type="java.lang.NullPointerException" message="Cannot invoke &amp;quot;com.nurfatinportfolio.PageObjects.LoginPage.userLogin(String, String)&amp;quot; because &amp;quot;this.loginPage&amp;quot; is null">
      <![CDATA[java.lang.NullPointerException: Cannot invoke "com.nurfatinportfolio.PageObjects.LoginPage.userLogin(String, String)" because "this.loginPage" is null
at com.nurfatinportfolio.Test.Login.testLoginWithValidCredential(Login.java:17)
at java.base/java.util.ArrayList.forEach(ArrayList.java:1511)
... Removed 27 stack frames]]>
    </failure>
  </testcase> <!-- testLoginWithValidCredential -->
</testsuite> <!-- Login -->
