<?xml version="1.0" encoding="UTF-8"?>
<!-- Generated by org.testng.reporters.JUnitXMLReporter -->
<testsuite ignored="0" hostname="DESKTOP-U0ESANG" failures="2" tests="2" name="Login Test" time="0.123" errors="0" timestamp="2024-02-21T09:23:56 MYT">
  <testcase classname="com.nurfatinportfolio.Test.Login" name="testLoginWithValidCredential" time="0.011">
    <failure type="java.lang.NullPointerException" message="Cannot invoke &amp;quot;com.nurfatinportfolio.PageObjects.LoginPage.userLogin(String, String)&amp;quot; because &amp;quot;this.loginPage&amp;quot; is null">
      <![CDATA[java.lang.NullPointerException: Cannot invoke "com.nurfatinportfolio.PageObjects.LoginPage.userLogin(String, String)" because "this.loginPage" is null
at com.nurfatinportfolio.Test.Login.testLoginWithValidCredential(Login.java:17)
at java.base/java.util.ArrayList.forEach(ArrayList.java:1511)
at java.base/java.util.concurrent.FutureTask.run(FutureTask.java:264)
at java.base/java.util.concurrent.ThreadPoolExecutor.runWorker(ThreadPoolExecutor.java:1136)
at java.base/java.util.concurrent.ThreadPoolExecutor$Worker.run(ThreadPoolExecutor.java:635)
at java.base/java.lang.Thread.run(Thread.java:842)
... Removed 17 stack frames]]>
    </failure>
  </testcase> <!-- testLoginWithValidCredential -->
  <testcase classname="com.nurfatinportfolio.Test.Login" name="testLoginWithValidCredential" time="0.002">
    <failure type="java.lang.NullPointerException" message="Cannot invoke &amp;quot;com.nurfatinportfolio.PageObjects.LoginPage.userLogin(String, String)&amp;quot; because &amp;quot;this.loginPage&amp;quot; is null">
      <![CDATA[java.lang.NullPointerException: Cannot invoke "com.nurfatinportfolio.PageObjects.LoginPage.userLogin(String, String)" because "this.loginPage" is null
at com.nurfatinportfolio.Test.Login.testLoginWithValidCredential(Login.java:17)
at java.base/java.util.ArrayList.forEach(ArrayList.java:1511)
at java.base/java.util.concurrent.FutureTask.run(FutureTask.java:264)
at java.base/java.util.concurrent.ThreadPoolExecutor.runWorker(ThreadPoolExecutor.java:1136)
at java.base/java.util.concurrent.ThreadPoolExecutor$Worker.run(ThreadPoolExecutor.java:635)
at java.base/java.lang.Thread.run(Thread.java:842)
... Removed 17 stack frames]]>
    </failure>
  </testcase> <!-- testLoginWithValidCredential -->
</testsuite> <!-- Login Test -->
