<?xml version="1.0" encoding="UTF-8"?>
<!-- Generated by org.testng.reporters.JUnitXMLReporter -->
<testsuite ignored="3" hostname="DESKTOP-U0ESANG" failures="0" tests="1" name="Test" time="22.98" errors="0" timestamp="2024-02-28T12:07:33 MYT">
  <testcase classname="com.nurfatinportfolio.Test.ProductTest" name="removeFromProductDetailPage" time="19.185"/>
  <testcase classname="com.nurfatinportfolio.Test.ProductTest" name="addFromProductsPage" time="0.0">
    <ignored/>
  </testcase> <!-- addFromProductsPage -->
  <testcase classname="com.nurfatinportfolio.Test.ProductTest" name="addFromProductDetailPage" time="0.0">
    <ignored/>
  </testcase> <!-- addFromProductDetailPage -->
  <testcase classname="com.nurfatinportfolio.Test.ProductTest" name="removeFromProductsPage" time="0.0">
    <ignored/>
  </testcase> <!-- removeFromProductsPage -->
</testsuite> <!-- Test -->
