<?xml version="1.0" encoding="UTF-8"?>
<!-- Generated by org.testng.reporters.JUnitXMLReporter -->
<testsuite ignored="2" hostname="DESKTOP-U0ESANG" failures="0" tests="6" name="Test" time="52.401" errors="0" timestamp="2024-03-03T22:11:18 MYT">
  <testcase classname="com.saucedemo.Test.ProductTest" name="addFromProductsPage" time="4.375"/>
  <testcase classname="com.saucedemo.Test.ProductTest" name="addFromProductsPage" time="3.902"/>
  <testcase classname="com.saucedemo.Test.ProductTest" name="addFromProductsPage" time="2.075"/>
  <testcase classname="com.saucedemo.Test.ProductTest" name="removeFromProductsPage" time="5.252"/>
  <testcase classname="com.saucedemo.Test.ProductTest" name="removeFromProductsPage" time="4.186"/>
  <testcase classname="com.saucedemo.Test.ProductTest" name="removeFromProductsPage" time="13.165"/>
  <testcase classname="com.saucedemo.Test.ProductTest" name="addFromProductDetailPage" time="0.0">
    <ignored/>
  </testcase> <!-- addFromProductDetailPage -->
  <testcase classname="com.saucedemo.Test.ProductTest" name="removeFromProductDetailPage" time="0.0">
    <ignored/>
  </testcase> <!-- removeFromProductDetailPage -->
</testsuite> <!-- Test -->
