<?xml version="1.0" encoding="UTF-8"?>
<testng-results ignored="0" total="23" passed="23" failed="0" skipped="0">
  <reporter-output>
  </reporter-output>
  <suite started-at="2024-02-28T19:03:41 MYT" name="Suite" finished-at="2024-02-28T19:05:39 MYT" duration-ms="117764">
    <groups>
      <group name="ProductDetailPage1">
        <method signature="ProductTest.removeFromProductDetailPage(java.lang.String,java.lang.String,java.lang.String,java.lang.String,java.lang.String,java.lang.String,java.lang.String)[pri:0, instance:com.saucedemo.Test.ProductTest@f27ea3]" name="removeFromProductDetailPage" class="com.saucedemo.Test.ProductTest"/>
      </group> <!-- ProductDetailPage1 -->
      <group name="ProductPage">
        <method signature="ProductTest.addFromProductsPage(java.lang.String,java.lang.String,java.lang.String,java.lang.String,java.lang.String,java.lang.String,java.lang.String)[pri:0, instance:com.saucedemo.Test.ProductTest@f27ea3]" name="addFromProductsPage" class="com.saucedemo.Test.ProductTest"/>
        <method signature="ProductTest.removeFromProductsPage(java.lang.String,java.lang.String,java.lang.String,java.lang.String,java.lang.String,java.lang.String,java.lang.String)[pri:0, instance:com.saucedemo.Test.ProductTest@f27ea3]" name="removeFromProductsPage" class="com.saucedemo.Test.ProductTest"/>
      </group> <!-- ProductPage -->
      <group name="Logout">
        <method signature="AuthenticationTest.logout(java.util.HashMap)[pri:0, instance:com.saucedemo.Test.AuthenticationTest@51850751]" name="logout" class="com.saucedemo.Test.AuthenticationTest"/>
      </group> <!-- Logout -->
      <group name="Login">
        <method signature="AuthenticationTest.logInSuccessful_validCredential(java.util.HashMap)[pri:0, instance:com.saucedemo.Test.AuthenticationTest@51850751]" name="logInSuccessful_validCredential" class="com.saucedemo.Test.AuthenticationTest"/>
        <method signature="AuthenticationTest.logInUnsuccessful_blankPassword(java.util.HashMap)[pri:0, instance:com.saucedemo.Test.AuthenticationTest@51850751]" name="logInUnsuccessful_blankPassword" class="com.saucedemo.Test.AuthenticationTest"/>
        <method signature="AuthenticationTest.logInUnsuccessful_blankUsername(java.util.HashMap)[pri:0, instance:com.saucedemo.Test.AuthenticationTest@51850751]" name="logInUnsuccessful_blankUsername" class="com.saucedemo.Test.AuthenticationTest"/>
        <method signature="AuthenticationTest.logInUnsuccessful_invalidCredential(java.util.HashMap)[pri:0, instance:com.saucedemo.Test.AuthenticationTest@51850751]" name="logInUnsuccessful_invalidCredential" class="com.saucedemo.Test.AuthenticationTest"/>
        <method signature="AuthenticationTest.logInUnsuccessful_locked(java.util.HashMap)[pri:0, instance:com.saucedemo.Test.AuthenticationTest@51850751]" name="logInUnsuccessful_locked" class="com.saucedemo.Test.AuthenticationTest"/>
      </group> <!-- Login -->
      <group name="ProductDetailPage">
        <method signature="ProductTest.addFromProductDetailPage(java.lang.String,java.lang.String,java.lang.String,java.lang.String,java.lang.String,java.lang.String,java.lang.String)[pri:0, instance:com.saucedemo.Test.ProductTest@f27ea3]" name="addFromProductDetailPage" class="com.saucedemo.Test.ProductTest"/>
      </group> <!-- ProductDetailPage -->
    </groups>
    <test started-at="2024-02-28T19:03:41 MYT" name="Test" finished-at="2024-02-28T19:05:39 MYT" duration-ms="117764">
      <class name="com.saucedemo.Test.ProductTest">
        <test-method is-config="true" signature="launcApplication()[pri:0, instance:com.saucedemo.Test.ProductTest@f27ea3]" started-at="2024-02-28T19:04:16 MYT" name="launcApplication" finished-at="2024-02-28T19:04:17 MYT" duration-ms="1343" status="PASS">
          <reporter-output>
          </reporter-output>
        </test-method> <!-- launcApplication -->
        <test-method signature="addFromProductDetailPage(java.lang.String,java.lang.String,java.lang.String,java.lang.String,java.lang.String,java.lang.String,java.lang.String)[pri:0, instance:com.saucedemo.Test.ProductTest@f27ea3]" started-at="2024-02-28T19:04:17 MYT" name="addFromProductDetailPage" data-provider="fromExcel" finished-at="2024-02-28T19:04:22 MYT" duration-ms="4478" status="PASS">
          <params>
            <param index="0">
              <value>
                <![CDATA[standard_user]]>
              </value>
            </param>
            <param index="1">
              <value>
                <![CDATA[secret_sauce]]>
              </value>
            </param>
            <param index="2">
              <value>
                <![CDATA[John]]>
              </value>
            </param>
            <param index="3">
              <value>
                <![CDATA[Doe]]>
              </value>
            </param>
            <param index="4">
              <value>
                <![CDATA[54200]]>
              </value>
            </param>
            <param index="5">
              <value>
                <![CDATA[Sauce Labs Backpack, Sauce Labs Bike Light, Sauce Labs Bolt T-Shirt]]>
              </value>
            </param>
            <param index="6">
              <value>
                <![CDATA[Sauce Labs Backpack]]>
              </value>
            </param>
          </params>
          <reporter-output>
          </reporter-output>
        </test-method> <!-- addFromProductDetailPage -->
        <test-method is-config="true" signature="tearDown()[pri:0, instance:com.saucedemo.Test.ProductTest@f27ea3]" started-at="2024-02-28T19:04:22 MYT" name="tearDown" finished-at="2024-02-28T19:04:22 MYT" duration-ms="107" status="PASS">
          <reporter-output>
          </reporter-output>
        </test-method> <!-- tearDown -->
        <test-method is-config="true" signature="launcApplication()[pri:0, instance:com.saucedemo.Test.ProductTest@f27ea3]" started-at="2024-02-28T19:04:22 MYT" name="launcApplication" finished-at="2024-02-28T19:04:23 MYT" duration-ms="1384" status="PASS">
          <reporter-output>
          </reporter-output>
        </test-method> <!-- launcApplication -->
        <test-method signature="addFromProductDetailPage(java.lang.String,java.lang.String,java.lang.String,java.lang.String,java.lang.String,java.lang.String,java.lang.String)[pri:0, instance:com.saucedemo.Test.ProductTest@f27ea3]" started-at="2024-02-28T19:04:23 MYT" name="addFromProductDetailPage" data-provider="fromExcel" finished-at="2024-02-28T19:04:26 MYT" duration-ms="3255" status="PASS">
          <params>
            <param index="0">
              <value>
                <![CDATA[standard_user]]>
              </value>
            </param>
            <param index="1">
              <value>
                <![CDATA[secret_sauce]]>
              </value>
            </param>
            <param index="2">
              <value>
                <![CDATA[Mary]]>
              </value>
            </param>
            <param index="3">
              <value>
                <![CDATA[Anne]]>
              </value>
            </param>
            <param index="4">
              <value>
                <![CDATA[53300]]>
              </value>
            </param>
            <param index="5">
              <value>
                <![CDATA[Sauce Labs Fleece Jacket, Sauce Labs Onesie]]>
              </value>
            </param>
            <param index="6">
              <value>
                <![CDATA[Sauce Labs Fleece Jacket]]>
              </value>
            </param>
          </params>
          <reporter-output>
          </reporter-output>
        </test-method> <!-- addFromProductDetailPage -->
        <test-method is-config="true" signature="tearDown()[pri:0, instance:com.saucedemo.Test.ProductTest@f27ea3]" started-at="2024-02-28T19:04:26 MYT" name="tearDown" finished-at="2024-02-28T19:04:26 MYT" duration-ms="132" status="PASS">
          <reporter-output>
          </reporter-output>
        </test-method> <!-- tearDown -->
        <test-method is-config="true" signature="launcApplication()[pri:0, instance:com.saucedemo.Test.ProductTest@f27ea3]" started-at="2024-02-28T19:04:26 MYT" name="launcApplication" finished-at="2024-02-28T19:04:28 MYT" duration-ms="1329" status="PASS">
          <reporter-output>
          </reporter-output>
        </test-method> <!-- launcApplication -->
        <test-method signature="addFromProductDetailPage(java.lang.String,java.lang.String,java.lang.String,java.lang.String,java.lang.String,java.lang.String,java.lang.String)[pri:0, instance:com.saucedemo.Test.ProductTest@f27ea3]" started-at="2024-02-28T19:04:28 MYT" name="addFromProductDetailPage" data-provider="fromExcel" finished-at="2024-02-28T19:04:30 MYT" duration-ms="1923" status="PASS">
          <params>
            <param index="0">
              <value>
                <![CDATA[standard_user]]>
              </value>
            </param>
            <param index="1">
              <value>
                <![CDATA[secret_sauce]]>
              </value>
            </param>
            <param index="2">
              <value>
                <![CDATA[Dan]]>
              </value>
            </param>
            <param index="3">
              <value>
                <![CDATA[Lui]]>
              </value>
            </param>
            <param index="4">
              <value>
                <![CDATA[48900]]>
              </value>
            </param>
            <param index="5">
              <value>
                <![CDATA[Test.allTheThings() T-Shirt (Red)]]>
              </value>
            </param>
            <param index="6">
              <value>
                <![CDATA[Test.allTheThings() T-Shirt (Red)]]>
              </value>
            </param>
          </params>
          <reporter-output>
          </reporter-output>
        </test-method> <!-- addFromProductDetailPage -->
        <test-method is-config="true" signature="tearDown()[pri:0, instance:com.saucedemo.Test.ProductTest@f27ea3]" started-at="2024-02-28T19:04:30 MYT" name="tearDown" finished-at="2024-02-28T19:04:30 MYT" duration-ms="103" status="PASS">
          <reporter-output>
          </reporter-output>
        </test-method> <!-- tearDown -->
        <test-method is-config="true" signature="launcApplication()[pri:0, instance:com.saucedemo.Test.ProductTest@f27ea3]" started-at="2024-02-28T19:04:30 MYT" name="launcApplication" finished-at="2024-02-28T19:04:31 MYT" duration-ms="1348" status="PASS">
          <reporter-output>
          </reporter-output>
        </test-method> <!-- launcApplication -->
        <test-method signature="addFromProductsPage(java.lang.String,java.lang.String,java.lang.String,java.lang.String,java.lang.String,java.lang.String,java.lang.String)[pri:0, instance:com.saucedemo.Test.ProductTest@f27ea3]" started-at="2024-02-28T19:04:31 MYT" name="addFromProductsPage" data-provider="fromExcel" finished-at="2024-02-28T19:04:35 MYT" duration-ms="3989" status="PASS">
          <params>
            <param index="0">
              <value>
                <![CDATA[standard_user]]>
              </value>
            </param>
            <param index="1">
              <value>
                <![CDATA[secret_sauce]]>
              </value>
            </param>
            <param index="2">
              <value>
                <![CDATA[John]]>
              </value>
            </param>
            <param index="3">
              <value>
                <![CDATA[Doe]]>
              </value>
            </param>
            <param index="4">
              <value>
                <![CDATA[54200]]>
              </value>
            </param>
            <param index="5">
              <value>
                <![CDATA[Sauce Labs Backpack, Sauce Labs Bike Light, Sauce Labs Bolt T-Shirt]]>
              </value>
            </param>
            <param index="6">
              <value>
                <![CDATA[Sauce Labs Backpack]]>
              </value>
            </param>
          </params>
          <reporter-output>
          </reporter-output>
        </test-method> <!-- addFromProductsPage -->
        <test-method is-config="true" signature="tearDown()[pri:0, instance:com.saucedemo.Test.ProductTest@f27ea3]" started-at="2024-02-28T19:04:35 MYT" name="tearDown" finished-at="2024-02-28T19:04:35 MYT" duration-ms="120" status="PASS">
          <reporter-output>
          </reporter-output>
        </test-method> <!-- tearDown -->
        <test-method is-config="true" signature="launcApplication()[pri:0, instance:com.saucedemo.Test.ProductTest@f27ea3]" started-at="2024-02-28T19:04:35 MYT" name="launcApplication" finished-at="2024-02-28T19:04:37 MYT" duration-ms="1343" status="PASS">
          <reporter-output>
          </reporter-output>
        </test-method> <!-- launcApplication -->
        <test-method signature="addFromProductsPage(java.lang.String,java.lang.String,java.lang.String,java.lang.String,java.lang.String,java.lang.String,java.lang.String)[pri:0, instance:com.saucedemo.Test.ProductTest@f27ea3]" started-at="2024-02-28T19:04:37 MYT" name="addFromProductsPage" data-provider="fromExcel" finished-at="2024-02-28T19:04:40 MYT" duration-ms="2969" status="PASS">
          <params>
            <param index="0">
              <value>
                <![CDATA[standard_user]]>
              </value>
            </param>
            <param index="1">
              <value>
                <![CDATA[secret_sauce]]>
              </value>
            </param>
            <param index="2">
              <value>
                <![CDATA[Mary]]>
              </value>
            </param>
            <param index="3">
              <value>
                <![CDATA[Anne]]>
              </value>
            </param>
            <param index="4">
              <value>
                <![CDATA[53300]]>
              </value>
            </param>
            <param index="5">
              <value>
                <![CDATA[Sauce Labs Fleece Jacket, Sauce Labs Onesie]]>
              </value>
            </param>
            <param index="6">
              <value>
                <![CDATA[Sauce Labs Fleece Jacket]]>
              </value>
            </param>
          </params>
          <reporter-output>
          </reporter-output>
        </test-method> <!-- addFromProductsPage -->
        <test-method is-config="true" signature="tearDown()[pri:0, instance:com.saucedemo.Test.ProductTest@f27ea3]" started-at="2024-02-28T19:04:40 MYT" name="tearDown" finished-at="2024-02-28T19:04:40 MYT" duration-ms="125" status="PASS">
          <reporter-output>
          </reporter-output>
        </test-method> <!-- tearDown -->
        <test-method is-config="true" signature="launcApplication()[pri:0, instance:com.saucedemo.Test.ProductTest@f27ea3]" started-at="2024-02-28T19:04:40 MYT" name="launcApplication" finished-at="2024-02-28T19:04:41 MYT" duration-ms="1368" status="PASS">
          <reporter-output>
          </reporter-output>
        </test-method> <!-- launcApplication -->
        <test-method signature="addFromProductsPage(java.lang.String,java.lang.String,java.lang.String,java.lang.String,java.lang.String,java.lang.String,java.lang.String)[pri:0, instance:com.saucedemo.Test.ProductTest@f27ea3]" started-at="2024-02-28T19:04:41 MYT" name="addFromProductsPage" data-provider="fromExcel" finished-at="2024-02-28T19:04:43 MYT" duration-ms="1877" status="PASS">
          <params>
            <param index="0">
              <value>
                <![CDATA[standard_user]]>
              </value>
            </param>
            <param index="1">
              <value>
                <![CDATA[secret_sauce]]>
              </value>
            </param>
            <param index="2">
              <value>
                <![CDATA[Dan]]>
              </value>
            </param>
            <param index="3">
              <value>
                <![CDATA[Lui]]>
              </value>
            </param>
            <param index="4">
              <value>
                <![CDATA[48900]]>
              </value>
            </param>
            <param index="5">
              <value>
                <![CDATA[Test.allTheThings() T-Shirt (Red)]]>
              </value>
            </param>
            <param index="6">
              <value>
                <![CDATA[Test.allTheThings() T-Shirt (Red)]]>
              </value>
            </param>
          </params>
          <reporter-output>
          </reporter-output>
        </test-method> <!-- addFromProductsPage -->
        <test-method is-config="true" signature="tearDown()[pri:0, instance:com.saucedemo.Test.ProductTest@f27ea3]" started-at="2024-02-28T19:04:43 MYT" name="tearDown" finished-at="2024-02-28T19:04:43 MYT" duration-ms="97" status="PASS">
          <reporter-output>
          </reporter-output>
        </test-method> <!-- tearDown -->
        <test-method is-config="true" signature="launcApplication()[pri:0, instance:com.saucedemo.Test.ProductTest@f27ea3]" started-at="2024-02-28T19:04:43 MYT" name="launcApplication" finished-at="2024-02-28T19:04:45 MYT" duration-ms="1429" status="PASS">
          <reporter-output>
          </reporter-output>
        </test-method> <!-- launcApplication -->
        <test-method signature="removeFromProductDetailPage(java.lang.String,java.lang.String,java.lang.String,java.lang.String,java.lang.String,java.lang.String,java.lang.String)[pri:0, instance:com.saucedemo.Test.ProductTest@f27ea3]" started-at="2024-02-28T19:04:45 MYT" name="removeFromProductDetailPage" data-provider="fromExcel" finished-at="2024-02-28T19:04:50 MYT" duration-ms="5648" status="PASS">
          <params>
            <param index="0">
              <value>
                <![CDATA[standard_user]]>
              </value>
            </param>
            <param index="1">
              <value>
                <![CDATA[secret_sauce]]>
              </value>
            </param>
            <param index="2">
              <value>
                <![CDATA[John]]>
              </value>
            </param>
            <param index="3">
              <value>
                <![CDATA[Doe]]>
              </value>
            </param>
            <param index="4">
              <value>
                <![CDATA[54200]]>
              </value>
            </param>
            <param index="5">
              <value>
                <![CDATA[Sauce Labs Backpack, Sauce Labs Bike Light, Sauce Labs Bolt T-Shirt]]>
              </value>
            </param>
            <param index="6">
              <value>
                <![CDATA[Sauce Labs Backpack]]>
              </value>
            </param>
          </params>
          <reporter-output>
          </reporter-output>
        </test-method> <!-- removeFromProductDetailPage -->
        <test-method is-config="true" signature="tearDown()[pri:0, instance:com.saucedemo.Test.ProductTest@f27ea3]" started-at="2024-02-28T19:04:50 MYT" name="tearDown" finished-at="2024-02-28T19:04:50 MYT" duration-ms="105" status="PASS">
          <reporter-output>
          </reporter-output>
        </test-method> <!-- tearDown -->
        <test-method is-config="true" signature="launcApplication()[pri:0, instance:com.saucedemo.Test.ProductTest@f27ea3]" started-at="2024-02-28T19:04:50 MYT" name="launcApplication" finished-at="2024-02-28T19:04:52 MYT" duration-ms="1368" status="PASS">
          <reporter-output>
          </reporter-output>
        </test-method> <!-- launcApplication -->
        <test-method signature="removeFromProductDetailPage(java.lang.String,java.lang.String,java.lang.String,java.lang.String,java.lang.String,java.lang.String,java.lang.String)[pri:0, instance:com.saucedemo.Test.ProductTest@f27ea3]" started-at="2024-02-28T19:04:52 MYT" name="removeFromProductDetailPage" data-provider="fromExcel" finished-at="2024-02-28T19:04:56 MYT" duration-ms="4517" status="PASS">
          <params>
            <param index="0">
              <value>
                <![CDATA[standard_user]]>
              </value>
            </param>
            <param index="1">
              <value>
                <![CDATA[secret_sauce]]>
              </value>
            </param>
            <param index="2">
              <value>
                <![CDATA[Mary]]>
              </value>
            </param>
            <param index="3">
              <value>
                <![CDATA[Anne]]>
              </value>
            </param>
            <param index="4">
              <value>
                <![CDATA[53300]]>
              </value>
            </param>
            <param index="5">
              <value>
                <![CDATA[Sauce Labs Fleece Jacket, Sauce Labs Onesie]]>
              </value>
            </param>
            <param index="6">
              <value>
                <![CDATA[Sauce Labs Fleece Jacket]]>
              </value>
            </param>
          </params>
          <reporter-output>
          </reporter-output>
        </test-method> <!-- removeFromProductDetailPage -->
        <test-method is-config="true" signature="tearDown()[pri:0, instance:com.saucedemo.Test.ProductTest@f27ea3]" started-at="2024-02-28T19:04:56 MYT" name="tearDown" finished-at="2024-02-28T19:04:56 MYT" duration-ms="112" status="PASS">
          <reporter-output>
          </reporter-output>
        </test-method> <!-- tearDown -->
        <test-method is-config="true" signature="launcApplication()[pri:0, instance:com.saucedemo.Test.ProductTest@f27ea3]" started-at="2024-02-28T19:04:56 MYT" name="launcApplication" finished-at="2024-02-28T19:04:58 MYT" duration-ms="1339" status="PASS">
          <reporter-output>
          </reporter-output>
        </test-method> <!-- launcApplication -->
        <test-method signature="removeFromProductDetailPage(java.lang.String,java.lang.String,java.lang.String,java.lang.String,java.lang.String,java.lang.String,java.lang.String)[pri:0, instance:com.saucedemo.Test.ProductTest@f27ea3]" started-at="2024-02-28T19:04:58 MYT" name="removeFromProductDetailPage" data-provider="fromExcel" finished-at="2024-02-28T19:05:11 MYT" duration-ms="13250" status="PASS">
          <params>
            <param index="0">
              <value>
                <![CDATA[standard_user]]>
              </value>
            </param>
            <param index="1">
              <value>
                <![CDATA[secret_sauce]]>
              </value>
            </param>
            <param index="2">
              <value>
                <![CDATA[Dan]]>
              </value>
            </param>
            <param index="3">
              <value>
                <![CDATA[Lui]]>
              </value>
            </param>
            <param index="4">
              <value>
                <![CDATA[48900]]>
              </value>
            </param>
            <param index="5">
              <value>
                <![CDATA[Test.allTheThings() T-Shirt (Red)]]>
              </value>
            </param>
            <param index="6">
              <value>
                <![CDATA[Test.allTheThings() T-Shirt (Red)]]>
              </value>
            </param>
          </params>
          <reporter-output>
          </reporter-output>
        </test-method> <!-- removeFromProductDetailPage -->
        <test-method is-config="true" signature="tearDown()[pri:0, instance:com.saucedemo.Test.ProductTest@f27ea3]" started-at="2024-02-28T19:05:11 MYT" name="tearDown" finished-at="2024-02-28T19:05:11 MYT" duration-ms="134" status="PASS">
          <reporter-output>
          </reporter-output>
        </test-method> <!-- tearDown -->
        <test-method is-config="true" signature="launcApplication()[pri:0, instance:com.saucedemo.Test.ProductTest@f27ea3]" started-at="2024-02-28T19:05:11 MYT" name="launcApplication" finished-at="2024-02-28T19:05:12 MYT" duration-ms="1267" status="PASS">
          <reporter-output>
          </reporter-output>
        </test-method> <!-- launcApplication -->
        <test-method signature="removeFromProductsPage(java.lang.String,java.lang.String,java.lang.String,java.lang.String,java.lang.String,java.lang.String,java.lang.String)[pri:0, instance:com.saucedemo.Test.ProductTest@f27ea3]" started-at="2024-02-28T19:05:12 MYT" name="removeFromProductsPage" data-provider="fromExcel" finished-at="2024-02-28T19:05:18 MYT" duration-ms="5704" status="PASS">
          <params>
            <param index="0">
              <value>
                <![CDATA[standard_user]]>
              </value>
            </param>
            <param index="1">
              <value>
                <![CDATA[secret_sauce]]>
              </value>
            </param>
            <param index="2">
              <value>
                <![CDATA[John]]>
              </value>
            </param>
            <param index="3">
              <value>
                <![CDATA[Doe]]>
              </value>
            </param>
            <param index="4">
              <value>
                <![CDATA[54200]]>
              </value>
            </param>
            <param index="5">
              <value>
                <![CDATA[Sauce Labs Backpack, Sauce Labs Bike Light, Sauce Labs Bolt T-Shirt]]>
              </value>
            </param>
            <param index="6">
              <value>
                <![CDATA[Sauce Labs Backpack]]>
              </value>
            </param>
          </params>
          <reporter-output>
          </reporter-output>
        </test-method> <!-- removeFromProductsPage -->
        <test-method is-config="true" signature="tearDown()[pri:0, instance:com.saucedemo.Test.ProductTest@f27ea3]" started-at="2024-02-28T19:05:18 MYT" name="tearDown" finished-at="2024-02-28T19:05:18 MYT" duration-ms="97" status="PASS">
          <reporter-output>
          </reporter-output>
        </test-method> <!-- tearDown -->
        <test-method is-config="true" signature="launcApplication()[pri:0, instance:com.saucedemo.Test.ProductTest@f27ea3]" started-at="2024-02-28T19:05:18 MYT" name="launcApplication" finished-at="2024-02-28T19:05:20 MYT" duration-ms="1349" status="PASS">
          <reporter-output>
          </reporter-output>
        </test-method> <!-- launcApplication -->
        <test-method signature="removeFromProductsPage(java.lang.String,java.lang.String,java.lang.String,java.lang.String,java.lang.String,java.lang.String,java.lang.String)[pri:0, instance:com.saucedemo.Test.ProductTest@f27ea3]" started-at="2024-02-28T19:05:20 MYT" name="removeFromProductsPage" data-provider="fromExcel" finished-at="2024-02-28T19:05:24 MYT" duration-ms="4696" status="PASS">
          <params>
            <param index="0">
              <value>
                <![CDATA[standard_user]]>
              </value>
            </param>
            <param index="1">
              <value>
                <![CDATA[secret_sauce]]>
              </value>
            </param>
            <param index="2">
              <value>
                <![CDATA[Mary]]>
              </value>
            </param>
            <param index="3">
              <value>
                <![CDATA[Anne]]>
              </value>
            </param>
            <param index="4">
              <value>
                <![CDATA[53300]]>
              </value>
            </param>
            <param index="5">
              <value>
                <![CDATA[Sauce Labs Fleece Jacket, Sauce Labs Onesie]]>
              </value>
            </param>
            <param index="6">
              <value>
                <![CDATA[Sauce Labs Fleece Jacket]]>
              </value>
            </param>
          </params>
          <reporter-output>
          </reporter-output>
        </test-method> <!-- removeFromProductsPage -->
        <test-method is-config="true" signature="tearDown()[pri:0, instance:com.saucedemo.Test.ProductTest@f27ea3]" started-at="2024-02-28T19:05:24 MYT" name="tearDown" finished-at="2024-02-28T19:05:24 MYT" duration-ms="110" status="PASS">
          <reporter-output>
          </reporter-output>
        </test-method> <!-- tearDown -->
        <test-method is-config="true" signature="launcApplication()[pri:0, instance:com.saucedemo.Test.ProductTest@f27ea3]" started-at="2024-02-28T19:05:24 MYT" name="launcApplication" finished-at="2024-02-28T19:05:26 MYT" duration-ms="1523" status="PASS">
          <reporter-output>
          </reporter-output>
        </test-method> <!-- launcApplication -->
        <test-method signature="removeFromProductsPage(java.lang.String,java.lang.String,java.lang.String,java.lang.String,java.lang.String,java.lang.String,java.lang.String)[pri:0, instance:com.saucedemo.Test.ProductTest@f27ea3]" started-at="2024-02-28T19:05:26 MYT" name="removeFromProductsPage" data-provider="fromExcel" finished-at="2024-02-28T19:05:39 MYT" duration-ms="13210" status="PASS">
          <params>
            <param index="0">
              <value>
                <![CDATA[standard_user]]>
              </value>
            </param>
            <param index="1">
              <value>
                <![CDATA[secret_sauce]]>
              </value>
            </param>
            <param index="2">
              <value>
                <![CDATA[Dan]]>
              </value>
            </param>
            <param index="3">
              <value>
                <![CDATA[Lui]]>
              </value>
            </param>
            <param index="4">
              <value>
                <![CDATA[48900]]>
              </value>
            </param>
            <param index="5">
              <value>
                <![CDATA[Test.allTheThings() T-Shirt (Red)]]>
              </value>
            </param>
            <param index="6">
              <value>
                <![CDATA[Test.allTheThings() T-Shirt (Red)]]>
              </value>
            </param>
          </params>
          <reporter-output>
          </reporter-output>
        </test-method> <!-- removeFromProductsPage -->
        <test-method is-config="true" signature="tearDown()[pri:0, instance:com.saucedemo.Test.ProductTest@f27ea3]" started-at="2024-02-28T19:05:39 MYT" name="tearDown" finished-at="2024-02-28T19:05:39 MYT" duration-ms="171" status="PASS">
          <reporter-output>
          </reporter-output>
        </test-method> <!-- tearDown -->
      </class> <!-- com.saucedemo.Test.ProductTest -->
      <class name="com.saucedemo.Test.AuthenticationTest">
        <test-method is-config="true" signature="launcApplication()[pri:0, instance:com.saucedemo.Test.AuthenticationTest@51850751]" started-at="2024-02-28T19:03:42 MYT" name="launcApplication" finished-at="2024-02-28T19:03:47 MYT" duration-ms="5294" status="PASS">
          <reporter-output>
          </reporter-output>
        </test-method> <!-- launcApplication -->
        <test-method signature="logInSuccessful_validCredential(java.util.HashMap)[pri:0, instance:com.saucedemo.Test.AuthenticationTest@51850751]" started-at="2024-02-28T19:03:47 MYT" name="logInSuccessful_validCredential" data-provider="getValidCred" finished-at="2024-02-28T19:03:48 MYT" duration-ms="588" status="PASS">
          <params>
            <param index="0">
              <value>
                <![CDATA[{password=secret_sauce, username=standard_user}]]>
              </value>
            </param>
          </params>
          <reporter-output>
          </reporter-output>
        </test-method> <!-- logInSuccessful_validCredential -->
        <test-method is-config="true" signature="tearDown()[pri:0, instance:com.saucedemo.Test.AuthenticationTest@51850751]" started-at="2024-02-28T19:03:48 MYT" name="tearDown" finished-at="2024-02-28T19:03:48 MYT" duration-ms="143" status="PASS">
          <reporter-output>
          </reporter-output>
        </test-method> <!-- tearDown -->
        <test-method is-config="true" signature="launcApplication()[pri:0, instance:com.saucedemo.Test.AuthenticationTest@51850751]" started-at="2024-02-28T19:03:48 MYT" name="launcApplication" finished-at="2024-02-28T19:03:50 MYT" duration-ms="1660" status="PASS">
          <reporter-output>
          </reporter-output>
        </test-method> <!-- launcApplication -->
        <test-method signature="logInSuccessful_validCredential(java.util.HashMap)[pri:0, instance:com.saucedemo.Test.AuthenticationTest@51850751]" started-at="2024-02-28T19:03:50 MYT" name="logInSuccessful_validCredential" data-provider="getValidCred" finished-at="2024-02-28T19:03:50 MYT" duration-ms="539" status="PASS">
          <params>
            <param index="0">
              <value>
                <![CDATA[{password=secret_sauce, username=problem_user}]]>
              </value>
            </param>
          </params>
          <reporter-output>
          </reporter-output>
        </test-method> <!-- logInSuccessful_validCredential -->
        <test-method is-config="true" signature="tearDown()[pri:0, instance:com.saucedemo.Test.AuthenticationTest@51850751]" started-at="2024-02-28T19:03:50 MYT" name="tearDown" finished-at="2024-02-28T19:03:50 MYT" duration-ms="156" status="PASS">
          <reporter-output>
          </reporter-output>
        </test-method> <!-- tearDown -->
        <test-method is-config="true" signature="launcApplication()[pri:0, instance:com.saucedemo.Test.AuthenticationTest@51850751]" started-at="2024-02-28T19:03:50 MYT" name="launcApplication" finished-at="2024-02-28T19:03:52 MYT" duration-ms="1399" status="PASS">
          <reporter-output>
          </reporter-output>
        </test-method> <!-- launcApplication -->
        <test-method signature="logInSuccessful_validCredential(java.util.HashMap)[pri:0, instance:com.saucedemo.Test.AuthenticationTest@51850751]" started-at="2024-02-28T19:03:52 MYT" name="logInSuccessful_validCredential" data-provider="getValidCred" finished-at="2024-02-28T19:03:57 MYT" duration-ms="5615" status="PASS">
          <params>
            <param index="0">
              <value>
                <![CDATA[{password=secret_sauce, username=performance_glitch_user}]]>
              </value>
            </param>
          </params>
          <reporter-output>
          </reporter-output>
        </test-method> <!-- logInSuccessful_validCredential -->
        <test-method is-config="true" signature="tearDown()[pri:0, instance:com.saucedemo.Test.AuthenticationTest@51850751]" started-at="2024-02-28T19:03:57 MYT" name="tearDown" finished-at="2024-02-28T19:03:57 MYT" duration-ms="89" status="PASS">
          <reporter-output>
          </reporter-output>
        </test-method> <!-- tearDown -->
        <test-method is-config="true" signature="launcApplication()[pri:0, instance:com.saucedemo.Test.AuthenticationTest@51850751]" started-at="2024-02-28T19:03:57 MYT" name="launcApplication" finished-at="2024-02-28T19:03:59 MYT" duration-ms="1388" status="PASS">
          <reporter-output>
          </reporter-output>
        </test-method> <!-- launcApplication -->
        <test-method signature="logInSuccessful_validCredential(java.util.HashMap)[pri:0, instance:com.saucedemo.Test.AuthenticationTest@51850751]" started-at="2024-02-28T19:03:59 MYT" name="logInSuccessful_validCredential" data-provider="getValidCred" finished-at="2024-02-28T19:03:59 MYT" duration-ms="534" status="PASS">
          <params>
            <param index="0">
              <value>
                <![CDATA[{password=secret_sauce, username=error_user}]]>
              </value>
            </param>
          </params>
          <reporter-output>
          </reporter-output>
        </test-method> <!-- logInSuccessful_validCredential -->
        <test-method is-config="true" signature="tearDown()[pri:0, instance:com.saucedemo.Test.AuthenticationTest@51850751]" started-at="2024-02-28T19:03:59 MYT" name="tearDown" finished-at="2024-02-28T19:03:59 MYT" duration-ms="140" status="PASS">
          <reporter-output>
          </reporter-output>
        </test-method> <!-- tearDown -->
        <test-method is-config="true" signature="launcApplication()[pri:0, instance:com.saucedemo.Test.AuthenticationTest@51850751]" started-at="2024-02-28T19:03:59 MYT" name="launcApplication" finished-at="2024-02-28T19:04:01 MYT" duration-ms="1374" status="PASS">
          <reporter-output>
          </reporter-output>
        </test-method> <!-- launcApplication -->
        <test-method signature="logInSuccessful_validCredential(java.util.HashMap)[pri:0, instance:com.saucedemo.Test.AuthenticationTest@51850751]" started-at="2024-02-28T19:04:01 MYT" name="logInSuccessful_validCredential" data-provider="getValidCred" finished-at="2024-02-28T19:04:01 MYT" duration-ms="555" status="PASS">
          <params>
            <param index="0">
              <value>
                <![CDATA[{password=secret_sauce, username=visual_user}]]>
              </value>
            </param>
          </params>
          <reporter-output>
          </reporter-output>
        </test-method> <!-- logInSuccessful_validCredential -->
        <test-method is-config="true" signature="tearDown()[pri:0, instance:com.saucedemo.Test.AuthenticationTest@51850751]" started-at="2024-02-28T19:04:01 MYT" name="tearDown" finished-at="2024-02-28T19:04:02 MYT" duration-ms="148" status="PASS">
          <reporter-output>
          </reporter-output>
        </test-method> <!-- tearDown -->
        <test-method is-config="true" signature="launcApplication()[pri:0, instance:com.saucedemo.Test.AuthenticationTest@51850751]" started-at="2024-02-28T19:04:02 MYT" name="launcApplication" finished-at="2024-02-28T19:04:03 MYT" duration-ms="1398" status="PASS">
          <reporter-output>
          </reporter-output>
        </test-method> <!-- launcApplication -->
        <test-method signature="logInUnsuccessful_blankPassword(java.util.HashMap)[pri:0, instance:com.saucedemo.Test.AuthenticationTest@51850751]" started-at="2024-02-28T19:04:03 MYT" name="logInUnsuccessful_blankPassword" data-provider="getBlankCred" finished-at="2024-02-28T19:04:04 MYT" duration-ms="817" status="PASS">
          <params>
            <param index="0">
              <value>
                <![CDATA[{password=secret_sauce, username=standard_user}]]>
              </value>
            </param>
          </params>
          <reporter-output>
          </reporter-output>
        </test-method> <!-- logInUnsuccessful_blankPassword -->
        <test-method is-config="true" signature="tearDown()[pri:0, instance:com.saucedemo.Test.AuthenticationTest@51850751]" started-at="2024-02-28T19:04:04 MYT" name="tearDown" finished-at="2024-02-28T19:04:04 MYT" duration-ms="202" status="PASS">
          <reporter-output>
          </reporter-output>
        </test-method> <!-- tearDown -->
        <test-method is-config="true" signature="launcApplication()[pri:0, instance:com.saucedemo.Test.AuthenticationTest@51850751]" started-at="2024-02-28T19:04:04 MYT" name="launcApplication" finished-at="2024-02-28T19:04:06 MYT" duration-ms="1725" status="PASS">
          <reporter-output>
          </reporter-output>
        </test-method> <!-- launcApplication -->
        <test-method signature="logInUnsuccessful_blankUsername(java.util.HashMap)[pri:0, instance:com.saucedemo.Test.AuthenticationTest@51850751]" started-at="2024-02-28T19:04:06 MYT" name="logInUnsuccessful_blankUsername" data-provider="getBlankCred" finished-at="2024-02-28T19:04:06 MYT" duration-ms="568" status="PASS">
          <params>
            <param index="0">
              <value>
                <![CDATA[{password=secret_sauce, username=standard_user}]]>
              </value>
            </param>
          </params>
          <reporter-output>
          </reporter-output>
        </test-method> <!-- logInUnsuccessful_blankUsername -->
        <test-method is-config="true" signature="tearDown()[pri:0, instance:com.saucedemo.Test.AuthenticationTest@51850751]" started-at="2024-02-28T19:04:06 MYT" name="tearDown" finished-at="2024-02-28T19:04:06 MYT" duration-ms="86" status="PASS">
          <reporter-output>
          </reporter-output>
        </test-method> <!-- tearDown -->
        <test-method is-config="true" signature="launcApplication()[pri:0, instance:com.saucedemo.Test.AuthenticationTest@51850751]" started-at="2024-02-28T19:04:06 MYT" name="launcApplication" finished-at="2024-02-28T19:04:08 MYT" duration-ms="1523" status="PASS">
          <reporter-output>
          </reporter-output>
        </test-method> <!-- launcApplication -->
        <test-method signature="logInUnsuccessful_invalidCredential(java.util.HashMap)[pri:0, instance:com.saucedemo.Test.AuthenticationTest@51850751]" started-at="2024-02-28T19:04:08 MYT" name="logInUnsuccessful_invalidCredential" data-provider="getInvalidCred" finished-at="2024-02-28T19:04:08 MYT" duration-ms="520" status="PASS">
          <params>
            <param index="0">
              <value>
                <![CDATA[{password=secret_sauce, username=typo_user}]]>
              </value>
            </param>
          </params>
          <reporter-output>
          </reporter-output>
        </test-method> <!-- logInUnsuccessful_invalidCredential -->
        <test-method is-config="true" signature="tearDown()[pri:0, instance:com.saucedemo.Test.AuthenticationTest@51850751]" started-at="2024-02-28T19:04:08 MYT" name="tearDown" finished-at="2024-02-28T19:04:08 MYT" duration-ms="104" status="PASS">
          <reporter-output>
          </reporter-output>
        </test-method> <!-- tearDown -->
        <test-method is-config="true" signature="launcApplication()[pri:0, instance:com.saucedemo.Test.AuthenticationTest@51850751]" started-at="2024-02-28T19:04:08 MYT" name="launcApplication" finished-at="2024-02-28T19:04:10 MYT" duration-ms="1519" status="PASS">
          <reporter-output>
          </reporter-output>
        </test-method> <!-- launcApplication -->
        <test-method signature="logInUnsuccessful_invalidCredential(java.util.HashMap)[pri:0, instance:com.saucedemo.Test.AuthenticationTest@51850751]" started-at="2024-02-28T19:04:10 MYT" name="logInUnsuccessful_invalidCredential" data-provider="getInvalidCred" finished-at="2024-02-28T19:04:11 MYT" duration-ms="549" status="PASS">
          <params>
            <param index="0">
              <value>
                <![CDATA[{password=secret_typo, username=standard_user}]]>
              </value>
            </param>
          </params>
          <reporter-output>
          </reporter-output>
        </test-method> <!-- logInUnsuccessful_invalidCredential -->
        <test-method is-config="true" signature="tearDown()[pri:0, instance:com.saucedemo.Test.AuthenticationTest@51850751]" started-at="2024-02-28T19:04:11 MYT" name="tearDown" finished-at="2024-02-28T19:04:11 MYT" duration-ms="111" status="PASS">
          <reporter-output>
          </reporter-output>
        </test-method> <!-- tearDown -->
        <test-method is-config="true" signature="launcApplication()[pri:0, instance:com.saucedemo.Test.AuthenticationTest@51850751]" started-at="2024-02-28T19:04:11 MYT" name="launcApplication" finished-at="2024-02-28T19:04:12 MYT" duration-ms="1339" status="PASS">
          <reporter-output>
          </reporter-output>
        </test-method> <!-- launcApplication -->
        <test-method signature="logInUnsuccessful_locked(java.util.HashMap)[pri:0, instance:com.saucedemo.Test.AuthenticationTest@51850751]" started-at="2024-02-28T19:04:12 MYT" name="logInUnsuccessful_locked" data-provider="getLockedCred" finished-at="2024-02-28T19:04:13 MYT" duration-ms="491" status="PASS">
          <params>
            <param index="0">
              <value>
                <![CDATA[{password=secret_sauce, username=locked_out_user}]]>
              </value>
            </param>
          </params>
          <reporter-output>
          </reporter-output>
        </test-method> <!-- logInUnsuccessful_locked -->
        <test-method is-config="true" signature="tearDown()[pri:0, instance:com.saucedemo.Test.AuthenticationTest@51850751]" started-at="2024-02-28T19:04:13 MYT" name="tearDown" finished-at="2024-02-28T19:04:13 MYT" duration-ms="90" status="PASS">
          <reporter-output>
          </reporter-output>
        </test-method> <!-- tearDown -->
        <test-method is-config="true" signature="launcApplication()[pri:0, instance:com.saucedemo.Test.AuthenticationTest@51850751]" started-at="2024-02-28T19:04:13 MYT" name="launcApplication" finished-at="2024-02-28T19:04:14 MYT" duration-ms="1400" status="PASS">
          <reporter-output>
          </reporter-output>
        </test-method> <!-- launcApplication -->
        <test-method signature="logout(java.util.HashMap)[pri:0, instance:com.saucedemo.Test.AuthenticationTest@51850751]" started-at="2024-02-28T19:04:14 MYT" name="logout" data-provider="getLogin" finished-at="2024-02-28T19:04:15 MYT" duration-ms="788" status="PASS">
          <params>
            <param index="0">
              <value>
                <![CDATA[{password=secret_sauce, username=standard_user}]]>
              </value>
            </param>
          </params>
          <reporter-output>
          </reporter-output>
        </test-method> <!-- logout -->
        <test-method is-config="true" signature="tearDown()[pri:0, instance:com.saucedemo.Test.AuthenticationTest@51850751]" started-at="2024-02-28T19:04:15 MYT" name="tearDown" finished-at="2024-02-28T19:04:15 MYT" duration-ms="101" status="PASS">
          <reporter-output>
          </reporter-output>
        </test-method> <!-- tearDown -->
      </class> <!-- com.saucedemo.Test.AuthenticationTest -->
    </test> <!-- Test -->
  </suite> <!-- Suite -->
</testng-results>
