<?xml version="1.0" encoding="UTF-8"?>
<testng-results ignored="0" total="1" passed="1" failed="0" skipped="0">
  <reporter-output>
  </reporter-output>
  <suite started-at="2024-02-28T10:26:34 MYT" name="Default suite" finished-at="2024-02-28T10:26:40 MYT" duration-ms="5527">
    <groups>
    </groups>
    <test started-at="2024-02-28T10:26:34 MYT" name="Default test" finished-at="2024-02-28T10:26:40 MYT" duration-ms="5527">
      <class name="com.nurfatinportfolio.Test.AuthenticationTest">
        <test-method is-config="true" signature="launcApplication()[pri:0, instance:com.nurfatinportfolio.Test.AuthenticationTest@6436a7db]" started-at="2024-02-28T10:26:35 MYT" name="launcApplication" finished-at="2024-02-28T10:26:39 MYT" duration-ms="4094" status="PASS">
          <reporter-output>
          </reporter-output>
        </test-method> <!-- launcApplication -->
        <test-method signature="logout(java.util.HashMap)[pri:0, instance:com.nurfatinportfolio.Test.AuthenticationTest@6436a7db]" started-at="2024-02-28T10:26:39 MYT" name="logout" data-provider="getLogin" finished-at="2024-02-28T10:26:40 MYT" duration-ms="739" status="PASS">
          <params>
            <param index="0">
              <value>
                <![CDATA[{password=secret_sauce, username=standard_user}]]>
              </value>
            </param>
          </params>
          <reporter-output>
          </reporter-output>
        </test-method> <!-- logout -->
        <test-method is-config="true" signature="tearDown()[pri:0, instance:com.nurfatinportfolio.Test.AuthenticationTest@6436a7db]" started-at="2024-02-28T10:26:40 MYT" name="tearDown" finished-at="2024-02-28T10:26:40 MYT" duration-ms="179" status="PASS">
          <reporter-output>
          </reporter-output>
        </test-method> <!-- tearDown -->
      </class> <!-- com.nurfatinportfolio.Test.AuthenticationTest -->
    </test> <!-- Default test -->
  </suite> <!-- Default suite -->
</testng-results>
